<?xml version="1.0" encoding="UTF-8"?>
<testng-results ignored="0" total="15" passed="15" failed="0" skipped="0">
  <reporter-output>
  </reporter-output>
  <suite started-at="2025-09-08T15:16:02 IST" name="nopCommerce Full Workflow Suite" finished-at="2025-09-08T15:17:39 IST" duration-ms="96621">
    <groups>
    </groups>
    <test started-at="2025-09-08T15:16:02 IST" name="CategoryTest" finished-at="2025-09-08T15:17:39 IST" duration-ms="96621">
      <class name="tests.WishlistToCartTest">
        <test-method is-config="true" signature="setUp(java.lang.String)[pri:0, instance:tests.WishlistToCartTest@3e5499cc]" started-at="2025-09-08T15:17:25 IST" name="setUp" finished-at="2025-09-08T15:17:31 IST" duration-ms="6247" status="PASS">
          <params>
            <param index="0">
              <value>
                <![CDATA[https://demo.nopcommerce.com]]>
              </value>
            </param>
          </params>
          <reporter-output>
          </reporter-output>
        </test-method> <!-- setUp -->
        <test-method signature="testWishlistToCart()[pri:0, instance:tests.WishlistToCartTest@3e5499cc]" started-at="2025-09-08T15:17:31 IST" name="testWishlistToCart" finished-at="2025-09-08T15:17:38 IST" duration-ms="7280" status="PASS">
          <reporter-output>
          </reporter-output>
        </test-method> <!-- testWishlistToCart -->
        <test-method is-config="true" signature="tearDown()[pri:0, instance:tests.WishlistToCartTest@3e5499cc]" started-at="2025-09-08T15:17:38 IST" name="tearDown" finished-at="2025-09-08T15:17:39 IST" duration-ms="422" status="PASS">
          <reporter-output>
          </reporter-output>
        </test-method> <!-- tearDown -->
      </class> <!-- tests.WishlistToCartTest -->
      <class name="tests.CategoryAndCheckoutTest">
        <test-method is-config="true" signature="setUp(java.lang.String)[pri:0, instance:tests.CategoryAndCheckoutTest@45efc20d]" started-at="2025-09-08T15:16:41 IST" name="setUp" finished-at="2025-09-08T15:16:44 IST" duration-ms="3453" status="PASS">
          <params>
            <param index="0">
              <value>
                <![CDATA[https://demo.nopcommerce.com]]>
              </value>
            </param>
          </params>
          <reporter-output>
          </reporter-output>
        </test-method> <!-- setUp -->
        <test-method is-config="true" signature="goToHomePage()[pri:0, instance:tests.CategoryAndCheckoutTest@45efc20d]" started-at="2025-09-08T15:16:44 IST" name="goToHomePage" finished-at="2025-09-08T15:16:46 IST" duration-ms="1663" status="PASS">
          <reporter-output>
          </reporter-output>
        </test-method> <!-- goToHomePage -->
        <test-method signature="addComputerProduct()[pri:1, instance:tests.CategoryAndCheckoutTest@45efc20d]" started-at="2025-09-08T15:16:46 IST" name="addComputerProduct" finished-at="2025-09-08T15:16:51 IST" duration-ms="5326" status="PASS">
          <reporter-output>
          </reporter-output>
        </test-method> <!-- addComputerProduct -->
        <test-method is-config="true" signature="goToHomePage()[pri:0, instance:tests.CategoryAndCheckoutTest@45efc20d]" started-at="2025-09-08T15:16:51 IST" name="goToHomePage" finished-at="2025-09-08T15:16:52 IST" duration-ms="803" status="PASS">
          <reporter-output>
          </reporter-output>
        </test-method> <!-- goToHomePage -->
        <test-method signature="addElectronicsProduct()[pri:2, instance:tests.CategoryAndCheckoutTest@45efc20d]" started-at="2025-09-08T15:16:52 IST" name="addElectronicsProduct" finished-at="2025-09-08T15:16:55 IST" duration-ms="3132" status="PASS">
          <reporter-output>
          </reporter-output>
        </test-method> <!-- addElectronicsProduct -->
        <test-method is-config="true" signature="goToHomePage()[pri:0, instance:tests.CategoryAndCheckoutTest@45efc20d]" started-at="2025-09-08T15:16:55 IST" name="goToHomePage" finished-at="2025-09-08T15:16:56 IST" duration-ms="697" status="PASS">
          <reporter-output>
          </reporter-output>
        </test-method> <!-- goToHomePage -->
        <test-method signature="addApparelProduct()[pri:3, instance:tests.CategoryAndCheckoutTest@45efc20d]" started-at="2025-09-08T15:16:56 IST" name="addApparelProduct" finished-at="2025-09-08T15:16:59 IST" duration-ms="3302" status="PASS">
          <reporter-output>
          </reporter-output>
        </test-method> <!-- addApparelProduct -->
        <test-method is-config="true" signature="goToHomePage()[pri:0, instance:tests.CategoryAndCheckoutTest@45efc20d]" started-at="2025-09-08T15:16:59 IST" name="goToHomePage" finished-at="2025-09-08T15:17:00 IST" duration-ms="653" status="PASS">
          <reporter-output>
          </reporter-output>
        </test-method> <!-- goToHomePage -->
        <test-method signature="addDigitalDownloadProduct()[pri:4, instance:tests.CategoryAndCheckoutTest@45efc20d]" started-at="2025-09-08T15:17:00 IST" name="addDigitalDownloadProduct" finished-at="2025-09-08T15:17:02 IST" duration-ms="2026" status="PASS">
          <reporter-output>
          </reporter-output>
        </test-method> <!-- addDigitalDownloadProduct -->
        <test-method is-config="true" signature="goToHomePage()[pri:0, instance:tests.CategoryAndCheckoutTest@45efc20d]" started-at="2025-09-08T15:17:02 IST" name="goToHomePage" finished-at="2025-09-08T15:17:03 IST" duration-ms="839" status="PASS">
          <reporter-output>
          </reporter-output>
        </test-method> <!-- goToHomePage -->
        <test-method signature="addBooksProduct()[pri:5, instance:tests.CategoryAndCheckoutTest@45efc20d]" started-at="2025-09-08T15:17:03 IST" name="addBooksProduct" finished-at="2025-09-08T15:17:05 IST" duration-ms="2304" status="PASS">
          <reporter-output>
          </reporter-output>
        </test-method> <!-- addBooksProduct -->
        <test-method is-config="true" signature="goToHomePage()[pri:0, instance:tests.CategoryAndCheckoutTest@45efc20d]" started-at="2025-09-08T15:17:05 IST" name="goToHomePage" finished-at="2025-09-08T15:17:06 IST" duration-ms="751" status="PASS">
          <reporter-output>
          </reporter-output>
        </test-method> <!-- goToHomePage -->
        <test-method signature="addJewelryRentalProduct()[pri:6, instance:tests.CategoryAndCheckoutTest@45efc20d]" started-at="2025-09-08T15:17:06 IST" name="addJewelryRentalProduct" finished-at="2025-09-08T15:17:09 IST" duration-ms="3138" status="PASS">
          <reporter-output>
          </reporter-output>
        </test-method> <!-- addJewelryRentalProduct -->
        <test-method is-config="true" signature="goToHomePage()[pri:0, instance:tests.CategoryAndCheckoutTest@45efc20d]" started-at="2025-09-08T15:17:09 IST" name="goToHomePage" finished-at="2025-09-08T15:17:10 IST" duration-ms="814" status="PASS">
          <reporter-output>
          </reporter-output>
        </test-method> <!-- goToHomePage -->
        <test-method signature="addVirtualGiftCardProduct()[pri:7, instance:tests.CategoryAndCheckoutTest@45efc20d]" started-at="2025-09-08T15:17:10 IST" name="addVirtualGiftCardProduct" finished-at="2025-09-08T15:17:13 IST" duration-ms="3007" status="PASS">
          <reporter-output>
          </reporter-output>
        </test-method> <!-- addVirtualGiftCardProduct -->
        <test-method is-config="true" signature="goToHomePage()[pri:0, instance:tests.CategoryAndCheckoutTest@45efc20d]" started-at="2025-09-08T15:17:13 IST" name="goToHomePage" finished-at="2025-09-08T15:17:13 IST" duration-ms="827" status="PASS">
          <reporter-output>
          </reporter-output>
        </test-method> <!-- goToHomePage -->
        <test-method signature="checkoutAllProducts()[pri:8, instance:tests.CategoryAndCheckoutTest@45efc20d]" started-at="2025-09-08T15:17:13 IST" name="checkoutAllProducts" finished-at="2025-09-08T15:17:24 IST" duration-ms="10786" status="PASS">
          <reporter-output>
          </reporter-output>
        </test-method> <!-- checkoutAllProducts -->
        <test-method is-config="true" signature="tearDown()[pri:0, instance:tests.CategoryAndCheckoutTest@45efc20d]" started-at="2025-09-08T15:17:24 IST" name="tearDown" finished-at="2025-09-08T15:17:25 IST" duration-ms="385" status="PASS">
          <reporter-output>
          </reporter-output>
        </test-method> <!-- tearDown -->
      </class> <!-- tests.CategoryAndCheckoutTest -->
      <class name="tests.RegistrationLogin">
        <test-method is-config="true" signature="setup(java.lang.String)[pri:0, instance:tests.RegistrationLogin@201b6b6f]" started-at="2025-09-08T15:16:02 IST" name="setup" finished-at="2025-09-08T15:16:08 IST" duration-ms="5598" status="PASS">
          <params>
            <param index="0">
              <value>
                <![CDATA[https://demo.nopcommerce.com]]>
              </value>
            </param>
          </params>
          <reporter-output>
          </reporter-output>
        </test-method> <!-- setup -->
        <test-method signature="testRegistration(java.lang.String,java.lang.String,java.lang.String,java.lang.String,java.lang.String,java.lang.String,java.lang.String,java.lang.String)[pri:1, instance:tests.RegistrationLogin@201b6b6f]" started-at="2025-09-08T15:16:09 IST" name="testRegistration" data-provider="registrationData" finished-at="2025-09-08T15:16:18 IST" duration-ms="9265" status="PASS">
          <params>
            <param index="0">
              <value>
                <![CDATA[John]]>
              </value>
            </param>
            <param index="1">
              <value>
                <![CDATA[Doe]]>
              </value>
            </param>
            <param index="2">
              <value>
                <![CDATA[john.doe11@gmail.com]]>
              </value>
            </param>
            <param index="3">
              <value>
                <![CDATA[AcmeCorp]]>
              </value>
            </param>
            <param index="4">
              <value>
                <![CDATA[Male]]>
              </value>
            </param>
            <param index="5">
              <value>
                <![CDATA[Yes]]>
              </value>
            </param>
            <param index="6">
              <value>
                <![CDATA[Pass@123]]>
              </value>
            </param>
            <param index="7">
              <value>
                <![CDATA[Pass@123]]>
              </value>
            </param>
          </params>
          <reporter-output>
          </reporter-output>
        </test-method> <!-- testRegistration -->
        <test-method signature="testRegistration(java.lang.String,java.lang.String,java.lang.String,java.lang.String,java.lang.String,java.lang.String,java.lang.String,java.lang.String)[pri:1, instance:tests.RegistrationLogin@201b6b6f]" started-at="2025-09-08T15:16:18 IST" name="testRegistration" data-provider="registrationData" finished-at="2025-09-08T15:16:23 IST" duration-ms="4605" status="PASS">
          <params>
            <param index="0">
              <value>
                <![CDATA[Jane]]>
              </value>
            </param>
            <param index="1">
              <value>
                <![CDATA[Smith]]>
              </value>
            </param>
            <param index="2">
              <value>
                <![CDATA[jane.smith21@gmail.com]]>
              </value>
            </param>
            <param index="3">
              <value>
                <![CDATA[WidgetInc]]>
              </value>
            </param>
            <param index="4">
              <value>
                <![CDATA[Female]]>
              </value>
            </param>
            <param index="5">
              <value>
                <![CDATA[No]]>
              </value>
            </param>
            <param index="6">
              <value>
                <![CDATA[Pass@456]]>
              </value>
            </param>
            <param index="7">
              <value>
                <![CDATA[Pass@456]]>
              </value>
            </param>
          </params>
          <reporter-output>
          </reporter-output>
        </test-method> <!-- testRegistration -->
        <test-method signature="testRegistration(java.lang.String,java.lang.String,java.lang.String,java.lang.String,java.lang.String,java.lang.String,java.lang.String,java.lang.String)[pri:1, instance:tests.RegistrationLogin@201b6b6f]" started-at="2025-09-08T15:16:23 IST" name="testRegistration" data-provider="registrationData" finished-at="2025-09-08T15:16:28 IST" duration-ms="5424" status="PASS">
          <params>
            <param index="0">
              <value>
                <![CDATA[Raj]]>
              </value>
            </param>
            <param index="1">
              <value>
                <![CDATA[Kumar]]>
              </value>
            </param>
            <param index="2">
              <value>
                <![CDATA[raj.kumar31@gmail.com]]>
              </value>
            </param>
            <param index="3">
              <value>
                <![CDATA[Infosys]]>
              </value>
            </param>
            <param index="4">
              <value>
                <![CDATA[Male]]>
              </value>
            </param>
            <param index="5">
              <value>
                <![CDATA[Yes]]>
              </value>
            </param>
            <param index="6">
              <value>
                <![CDATA[Pass@789]]>
              </value>
            </param>
            <param index="7">
              <value>
                <![CDATA[Pass@789]]>
              </value>
            </param>
          </params>
          <reporter-output>
          </reporter-output>
        </test-method> <!-- testRegistration -->
        <test-method signature="testLogin(java.lang.String,java.lang.String)[pri:2, instance:tests.RegistrationLogin@201b6b6f]" started-at="2025-09-08T15:16:29 IST" name="testLogin" data-provider="loginData" finished-at="2025-09-08T15:16:33 IST" duration-ms="4014" status="PASS">
          <params>
            <param index="0">
              <value>
                <![CDATA[john.doe11@gmail.com]]>
              </value>
            </param>
            <param index="1">
              <value>
                <![CDATA[Pass@123]]>
              </value>
            </param>
          </params>
          <reporter-output>
          </reporter-output>
        </test-method> <!-- testLogin -->
        <test-method signature="testLogin(java.lang.String,java.lang.String)[pri:2, instance:tests.RegistrationLogin@201b6b6f]" started-at="2025-09-08T15:16:33 IST" name="testLogin" data-provider="loginData" finished-at="2025-09-08T15:16:36 IST" duration-ms="3664" status="PASS">
          <params>
            <param index="0">
              <value>
                <![CDATA[jane.smith21@gmail.com]]>
              </value>
            </param>
            <param index="1">
              <value>
                <![CDATA[Pass@456]]>
              </value>
            </param>
          </params>
          <reporter-output>
          </reporter-output>
        </test-method> <!-- testLogin -->
        <test-method signature="testLogin(java.lang.String,java.lang.String)[pri:2, instance:tests.RegistrationLogin@201b6b6f]" started-at="2025-09-08T15:16:36 IST" name="testLogin" data-provider="loginData" finished-at="2025-09-08T15:16:40 IST" duration-ms="3635" status="PASS">
          <params>
            <param index="0">
              <value>
                <![CDATA[raj.kumar31@gmail.com]]>
              </value>
            </param>
            <param index="1">
              <value>
                <![CDATA[Pass@789]]>
              </value>
            </param>
          </params>
          <reporter-output>
          </reporter-output>
        </test-method> <!-- testLogin -->
        <test-method is-config="true" signature="tearDown()[pri:0, instance:tests.RegistrationLogin@201b6b6f]" started-at="2025-09-08T15:16:40 IST" name="tearDown" finished-at="2025-09-08T15:16:41 IST" duration-ms="759" status="PASS">
          <reporter-output>
          </reporter-output>
        </test-method> <!-- tearDown -->
      </class> <!-- tests.RegistrationLogin -->
    </test> <!-- CategoryTest -->
  </suite> <!-- nopCommerce Full Workflow Suite -->
</testng-results>
