<?xml version="1.0" encoding="UTF-8"?>
<!-- Generated by org.testng.reporters.JUnitXMLReporter -->
<testsuite ignored="0" hostname="RAKESH" failures="0" tests="13" name="Test" time="60.405" errors="0" timestamp="2025-09-07T12:29:38 IST">
  <testcase classname="tests.RegistrationLogin" name="testRegistration" time="5.844"/>
  <testcase classname="tests.RegistrationLogin" name="testRegistration" time="3.565"/>
  <testcase classname="tests.RegistrationLogin" name="testRegistration" time="4.158"/>
  <testcase classname="tests.RegistrationLogin" name="testLogin" time="3.278"/>
  <testcase classname="tests.RegistrationLogin" name="testLogin" time="3.099"/>
  <testcase classname="tests.RegistrationLogin" name="testLogin" time="3.062"/>
  <testcase classname="tests.CategoryTests" name="addComputerProduct" time="3.842"/>
  <testcase classname="tests.CategoryTests" name="addElectronicsProduct" time="3.63"/>
  <testcase classname="tests.CategoryTests" name="addApparelProduct" time="3.76"/>
  <testcase classname="tests.CategoryTests" name="addDigitalDownloadProduct" time="2.74"/>
  <testcase classname="tests.CategoryTests" name="addBooksProduct" time="2.842"/>
  <testcase classname="tests.CategoryTests" name="addJewelryRentalProduct" time="3.413"/>
  <testcase classname="tests.CategoryTests" name="addVirtualGiftCardProduct" time="3.418"/>
</testsuite> <!-- Test -->
