<?xml version="1.0" encoding="UTF-8"?>
<!-- Generated by org.testng.reporters.JUnitXMLReporter -->
<testsuite ignored="0" hostname="RAKESH" failures="0" tests="7" name="Category Tests" time="27.519" errors="0" timestamp="2025-09-07T18:40:06 IST">
  <testcase classname="tests.CategoryTests" name="addComputerProduct" time="3.555"/>
  <testcase classname="tests.CategoryTests" name="addElectronicsProduct" time="2.847"/>
  <testcase classname="tests.CategoryTests" name="addApparelProduct" time="3.091"/>
  <testcase classname="tests.CategoryTests" name="addDigitalDownloadProduct" time="2.173"/>
  <testcase classname="tests.CategoryTests" name="addBooksProduct" time="2.212"/>
  <testcase classname="tests.CategoryTests" name="addJewelryRentalProduct" time="2.617"/>
  <testcase classname="tests.CategoryTests" name="addVirtualGiftCardProduct" time="2.407"/>
</testsuite> <!-- Category Tests -->
