<?xml version="1.0" encoding="UTF-8"?>
<!-- Generated by org.testng.reporters.JUnitXMLReporter -->
<testsuite ignored="0" hostname="RAKESH" failures="1" tests="13" name="Guest Checkout Test" time="35.207" errors="0" timestamp="2025-09-07T16:15:15 IST">
  <testcase classname="tests.CategoryTests" name="addComputerProduct" time="3.795"/>
  <testcase classname="tests.CategoryTests" name="addElectronicsProduct" time="3.035"/>
  <testcase classname="tests.CategoryTests" name="addApparelProduct" time="3.269"/>
  <testcase classname="tests.CategoryTests" name="addDigitalDownloadProduct" time="2.136"/>
  <testcase classname="tests.CategoryTests" name="addBooksProduct" time="2.245"/>
  <testcase classname="tests.CategoryTests" name="addJewelryRentalProduct" time="2.816"/>
  <testcase classname="tests.CategoryTests" name="addVirtualGiftCardProduct" time="2.546"/>
  <testcase classname="tests.CheckoutTest" name="proceedToCheckout" time="0.694">
    <failure type="java.lang.RuntimeException" message="No products found in category: Apparel">
      <![CDATA[java.lang.RuntimeException: No products found in category: Apparel
at tests.CheckoutTest.addProductToCart(CheckoutTest.java:59)
at tests.CheckoutTest.proceedToCheckout(CheckoutTest.java:69)
at java.base/java.util.ArrayList.forEach(ArrayList.java:1511)
... Removed 27 stack frames]]>
    </failure>
  </testcase> <!-- proceedToCheckout -->
  <testcase classname="tests.CheckoutTest" name="fillBillingDetails" time="0.0">
    <skipped/>
  </testcase> <!-- fillBillingDetails -->
  <testcase classname="tests.CheckoutTest" name="selectShippingMethod" time="0.0">
    <skipped/>
  </testcase> <!-- selectShippingMethod -->
  <testcase classname="tests.CheckoutTest" name="selectPaymentMethod" time="0.001">
    <skipped/>
  </testcase> <!-- selectPaymentMethod -->
  <testcase classname="tests.CheckoutTest" name="confirmPaymentInfo" time="0.0">
    <skipped/>
  </testcase> <!-- confirmPaymentInfo -->
  <testcase classname="tests.CheckoutTest" name="confirmOrder" time="0.0">
    <skipped/>
  </testcase> <!-- confirmOrder -->
</testsuite> <!-- Guest Checkout Test -->
