<?xml version="1.0" encoding="UTF-8"?>
<!-- Generated by org.testng.reporters.JUnitXMLReporter -->
<testsuite ignored="0" hostname="RAKESH" failures="0" tests="15" name="CategoryTest" time="96.621" errors="0" timestamp="2025-09-08T15:17:39 IST">
  <testcase classname="tests.RegistrationLogin" name="testRegistration" time="9.265"/>
  <testcase classname="tests.RegistrationLogin" name="testRegistration" time="4.605"/>
  <testcase classname="tests.RegistrationLogin" name="testRegistration" time="5.424"/>
  <testcase classname="tests.RegistrationLogin" name="testLogin" time="4.014"/>
  <testcase classname="tests.RegistrationLogin" name="testLogin" time="3.664"/>
  <testcase classname="tests.RegistrationLogin" name="testLogin" time="3.635"/>
  <testcase classname="tests.CategoryAndCheckoutTest" name="addComputerProduct" time="5.326"/>
  <testcase classname="tests.CategoryAndCheckoutTest" name="addElectronicsProduct" time="3.132"/>
  <testcase classname="tests.CategoryAndCheckoutTest" name="addApparelProduct" time="3.302"/>
  <testcase classname="tests.CategoryAndCheckoutTest" name="addDigitalDownloadProduct" time="2.026"/>
  <testcase classname="tests.CategoryAndCheckoutTest" name="addBooksProduct" time="2.304"/>
  <testcase classname="tests.CategoryAndCheckoutTest" name="addJewelryRentalProduct" time="3.138"/>
  <testcase classname="tests.CategoryAndCheckoutTest" name="addVirtualGiftCardProduct" time="3.007"/>
  <testcase classname="tests.CategoryAndCheckoutTest" name="checkoutAllProducts" time="10.786"/>
  <testcase classname="tests.WishlistToCartTest" name="testWishlistToCart" time="7.28"/>
</testsuite> <!-- CategoryTest -->
